<?xml version="1.0" encoding="utf-8" standalone="no"?>
<!--This file represents the results of running a test suite-->
<test-results name="E:\Dev\Repository\NUnitTestProjectSoln\NUnitTestProject\bin\Debug\NUnitTestProject.dll" total="1" errors="0" failures="0" not-run="0" inconclusive="0" ignored="0" skipped="0" invalid="0" date="2014-01-09" time="00:00:56">
  <environment nunit-version="2.6.2.12296" clr-version="2.0.50727.5472" os-version="Microsoft Windows NT 6.1.7601 Service Pack 1" platform="Win32NT" cwd="C:\Program Files (x86)\NUnit 2.6.2\bin" machine-name="DELL-PC" user="Dell" user-domain="Dell-PC" />
  <culture-info current-culture="en-US" current-uiculture="en-US" />
  <test-suite type="Assembly" name="E:\Dev\Repository\NUnitTestProjectSoln\NUnitTestProject\bin\Debug\NUnitTestProject.dll" executed="True" result="Success" success="True" time="21.913" asserts="0">
    <results>
      <test-suite type="Namespace" name="NUnitTestProject" executed="True" result="Success" success="True" time="21.882" asserts="0">
        <results>
          <test-suite type="TestFixture" name="UnitTest1" executed="True" result="Success" success="True" time="21.879" asserts="0">
            <results>
              <test-case name="NUnitTestProject.UnitTest1.TestMethod1" executed="True" result="Success" success="True" time="21.856" asserts="1" />
            </results>
          </test-suite>
        </results>
      </test-suite>
    </results>
  </test-suite>
</test-results>